<?xml version="1.0" encoding="UTF-8"?>
<!-- Generated by org.testng.reporters.JUnitReportReporter -->
<testsuite hostname="DESKTOP-HQT2HP1" failures="0" tests="1" name="com.instagram.baseLoginTest.LoginTest" time="3.670" errors="0" timestamp="2023-10-08T09:37:45 EDT" skipped="0">
  <testcase classname="com.instagram.baseLoginTest.LoginTest" name="validLoginTest" time="3.670"/>
  <system-out/>
</testsuite> <!-- com.instagram.baseLoginTest.LoginTest -->
