<?xml version="1.0" encoding="UTF-8"?>
<!-- Generated by org.testng.reporters.JUnitReportReporter -->
<testsuite hostname="DESKTOP-HQT2HP1" failures="0" tests="1" name="com.instagram.POM_PageFactory.LoginTestWithPageFactory" time="2.077" errors="0" timestamp="2023-10-05T14:31:35 EDT" skipped="0">
  <testcase classname="com.instagram.POM_PageFactory.LoginTestWithPageFactory" name="validLoginTest" time="2.077"/>
  <system-out/>
</testsuite> <!-- com.instagram.POM_PageFactory.LoginTestWithPageFactory -->
