<?xml version="1.0" encoding="UTF-8"?>
<!-- Generated by org.testng.reporters.JUnitReportReporter -->
<testsuite hostname="DESKTOP-HQT2HP1" failures="0" tests="1" name="com.instagram.baseLoginTest.LoginTest" time="2.647" errors="0" timestamp="2023-10-05T21:54:41 EDT" skipped="0">
  <testcase classname="com.instagram.baseLoginTest.LoginTest" name="validLoginTest" time="2.647"/>
  <system-out/>
</testsuite> <!-- com.instagram.baseLoginTest.LoginTest -->
